Started GET "/" for 127.0.0.1 at 2018-08-07 13:21:52 +0700
  
ActiveRecord::PendingMigrationError (

Migrations are pending. To resolve this issue, run:

        bin/rails db:migrate RAILS_ENV=development

):
  
activerecord (5.2.0) lib/active_record/migration.rb:579:in `check_pending!'
activerecord (5.2.0) lib/active_record/migration.rb:556:in `call'
actionpack (5.2.0) lib/action_dispatch/middleware/callbacks.rb:28:in `block in call'
activesupport (5.2.0) lib/active_support/callbacks.rb:98:in `run_callbacks'
actionpack (5.2.0) lib/action_dispatch/middleware/callbacks.rb:26:in `call'
actionpack (5.2.0) lib/action_dispatch/middleware/executor.rb:14:in `call'
actionpack (5.2.0) lib/action_dispatch/middleware/debug_exceptions.rb:61:in `call'
web-console (3.6.2) lib/web_console/middleware.rb:135:in `call_app'
web-console (3.6.2) lib/web_console/middleware.rb:30:in `block in call'
web-console (3.6.2) lib/web_console/middleware.rb:20:in `catch'
web-console (3.6.2) lib/web_console/middleware.rb:20:in `call'
actionpack (5.2.0) lib/action_dispatch/middleware/show_exceptions.rb:33:in `call'
railties (5.2.0) lib/rails/rack/logger.rb:38:in `call_app'
railties (5.2.0) lib/rails/rack/logger.rb:26:in `block in call'
activesupport (5.2.0) lib/active_support/tagged_logging.rb:71:in `block in tagged'
activesupport (5.2.0) lib/active_support/tagged_logging.rb:28:in `tagged'
activesupport (5.2.0) lib/active_support/tagged_logging.rb:71:in `tagged'
railties (5.2.0) lib/rails/rack/logger.rb:26:in `call'
sprockets-rails (3.2.1) lib/sprockets/rails/quiet_assets.rb:13:in `call'
actionpack (5.2.0) lib/action_dispatch/middleware/remote_ip.rb:81:in `call'
actionpack (5.2.0) lib/action_dispatch/middleware/request_id.rb:27:in `call'
rack (2.0.5) lib/rack/method_override.rb:22:in `call'
rack (2.0.5) lib/rack/runtime.rb:22:in `call'
activesupport (5.2.0) lib/active_support/cache/strategy/local_cache_middleware.rb:29:in `call'
actionpack (5.2.0) lib/action_dispatch/middleware/executor.rb:14:in `call'
actionpack (5.2.0) lib/action_dispatch/middleware/static.rb:127:in `call'
rack (2.0.5) lib/rack/sendfile.rb:111:in `call'
railties (5.2.0) lib/rails/engine.rb:524:in `call'
puma (3.12.0) lib/puma/configuration.rb:225:in `call'
puma (3.12.0) lib/puma/server.rb:658:in `handle_request'
puma (3.12.0) lib/puma/server.rb:472:in `process_client'
puma (3.12.0) lib/puma/server.rb:332:in `block in run'
puma (3.12.0) lib/puma/thread_pool.rb:133:in `block in spawn_thread'
  [1m[35m (0.1ms)[0m  [1m[34mSELECT sqlite_version(*)[0m
  ↳ /home/tmquang1999/.rvm/gems/ruby-2.5.1/bin/rake:23
  [1m[35m (128.5ms)[0m  [1m[35mCREATE TABLE "schema_migrations" ("version" varchar NOT NULL PRIMARY KEY)[0m
  ↳ /home/tmquang1999/.rvm/gems/ruby-2.5.1/bin/rake:23
  [1m[35m (125.8ms)[0m  [1m[35mCREATE TABLE "ar_internal_metadata" ("key" varchar NOT NULL PRIMARY KEY, "value" varchar, "created_at" datetime NOT NULL, "updated_at" datetime NOT NULL)[0m
  ↳ /home/tmquang1999/.rvm/gems/ruby-2.5.1/bin/rake:23
  [1m[35m (0.2ms)[0m  [1m[34mSELECT "schema_migrations"."version" FROM "schema_migrations" ORDER BY "schema_migrations"."version" ASC[0m
  ↳ /home/tmquang1999/.rvm/gems/ruby-2.5.1/bin/rake:23
Migrating to CreateUsers (20180807060903)
  [1m[35m (0.1ms)[0m  [1m[36mbegin transaction[0m
  ↳ /home/tmquang1999/.rvm/gems/ruby-2.5.1/bin/rake:23
  [1m[35m (0.4ms)[0m  [1m[35mCREATE TABLE "users" ("id" integer PRIMARY KEY AUTOINCREMENT NOT NULL, "name" varchar, "email" varchar, "rate_id" integer, "password_digest" varchar, "remember_digest" varchar, "admin" boolean, "activation_digest" varchar, "activated" boolean, "activated_at" datetime, "reset_digest" varchar, "reset_sent_at" datetime, "created_at" datetime NOT NULL, "updated_at" datetime NOT NULL)[0m
  ↳ db/migrate/20180807060903_create_users.rb:3
  [1m[36mActiveRecord::SchemaMigration Create (0.3ms)[0m  [1m[32mINSERT INTO "schema_migrations" ("version") VALUES (?)[0m  [["version", "20180807060903"]]
  ↳ /home/tmquang1999/.rvm/gems/ruby-2.5.1/bin/rake:23
  [1m[35m (121.7ms)[0m  [1m[36mcommit transaction[0m
  ↳ /home/tmquang1999/.rvm/gems/ruby-2.5.1/bin/rake:23
  [1m[36mActiveRecord::InternalMetadata Load (0.2ms)[0m  [1m[34mSELECT  "ar_internal_metadata".* FROM "ar_internal_metadata" WHERE "ar_internal_metadata"."key" = ? LIMIT ?[0m  [["key", "environment"], ["LIMIT", 1]]
  ↳ /home/tmquang1999/.rvm/gems/ruby-2.5.1/bin/rake:23
  [1m[35m (0.1ms)[0m  [1m[36mbegin transaction[0m
  ↳ /home/tmquang1999/.rvm/gems/ruby-2.5.1/bin/rake:23
  [1m[36mActiveRecord::InternalMetadata Create (0.2ms)[0m  [1m[32mINSERT INTO "ar_internal_metadata" ("key", "value", "created_at", "updated_at") VALUES (?, ?, ?, ?)[0m  [["key", "environment"], ["value", "development"], ["created_at", "2018-08-07 06:22:25.693991"], ["updated_at", "2018-08-07 06:22:25.693991"]]
  ↳ /home/tmquang1999/.rvm/gems/ruby-2.5.1/bin/rake:23
  [1m[35m (72.8ms)[0m  [1m[36mcommit transaction[0m
  ↳ /home/tmquang1999/.rvm/gems/ruby-2.5.1/bin/rake:23
  [1m[35m (0.1ms)[0m  [1m[34mSELECT "schema_migrations"."version" FROM "schema_migrations" ORDER BY "schema_migrations"."version" ASC[0m
  ↳ /home/tmquang1999/.rvm/gems/ruby-2.5.1/bin/rake:23
Started GET "/" for 127.0.0.1 at 2018-08-07 13:22:32 +0700
  [1m[35m (0.1ms)[0m  [1m[34mSELECT "schema_migrations"."version" FROM "schema_migrations" ORDER BY "schema_migrations"."version" ASC[0m
  ↳ /home/tmquang1999/.rvm/gems/ruby-2.5.1/gems/activerecord-5.2.0/lib/active_record/log_subscriber.rb:98
  
ActionController::RoutingError (uninitialized constant StaticPagesController):
  
bootsnap (1.3.1) lib/bootsnap/load_path_cache/core_ext/active_support.rb:53:in `block in load_missing_constant'
bootsnap (1.3.1) lib/bootsnap/load_path_cache/core_ext/active_support.rb:8:in `without_bootsnap_cache'
bootsnap (1.3.1) lib/bootsnap/load_path_cache/core_ext/active_support.rb:53:in `rescue in load_missing_constant'
bootsnap (1.3.1) lib/bootsnap/load_path_cache/core_ext/active_support.rb:42:in `load_missing_constant'
activesupport (5.2.0) lib/active_support/inflector/methods.rb:283:in `const_get'
activesupport (5.2.0) lib/active_support/inflector/methods.rb:283:in `block in constantize'
activesupport (5.2.0) lib/active_support/inflector/methods.rb:281:in `each'
activesupport (5.2.0) lib/active_support/inflector/methods.rb:281:in `inject'
activesupport (5.2.0) lib/active_support/inflector/methods.rb:281:in `constantize'
actionpack (5.2.0) lib/action_dispatch/http/request.rb:88:in `controller_class_for'
actionpack (5.2.0) lib/action_dispatch/http/request.rb:81:in `controller_class'
actionpack (5.2.0) lib/action_dispatch/routing/route_set.rb:46:in `controller'
actionpack (5.2.0) lib/action_dispatch/routing/route_set.rb:32:in `serve'
actionpack (5.2.0) lib/action_dispatch/journey/router.rb:52:in `block in serve'
actionpack (5.2.0) lib/action_dispatch/journey/router.rb:35:in `each'
actionpack (5.2.0) lib/action_dispatch/journey/router.rb:35:in `serve'
actionpack (5.2.0) lib/action_dispatch/routing/route_set.rb:840:in `call'
rack (2.0.5) lib/rack/tempfile_reaper.rb:15:in `call'
rack (2.0.5) lib/rack/etag.rb:25:in `call'
rack (2.0.5) lib/rack/conditional_get.rb:25:in `call'
rack (2.0.5) lib/rack/head.rb:12:in `call'
actionpack (5.2.0) lib/action_dispatch/http/content_security_policy.rb:18:in `call'
rack (2.0.5) lib/rack/session/abstract/id.rb:232:in `context'
rack (2.0.5) lib/rack/session/abstract/id.rb:226:in `call'
actionpack (5.2.0) lib/action_dispatch/middleware/cookies.rb:670:in `call'
activerecord (5.2.0) lib/active_record/migration.rb:559:in `call'
actionpack (5.2.0) lib/action_dispatch/middleware/callbacks.rb:28:in `block in call'
activesupport (5.2.0) lib/active_support/callbacks.rb:98:in `run_callbacks'
actionpack (5.2.0) lib/action_dispatch/middleware/callbacks.rb:26:in `call'
actionpack (5.2.0) lib/action_dispatch/middleware/executor.rb:14:in `call'
actionpack (5.2.0) lib/action_dispatch/middleware/debug_exceptions.rb:61:in `call'
web-console (3.6.2) lib/web_console/middleware.rb:135:in `call_app'
web-console (3.6.2) lib/web_console/middleware.rb:30:in `block in call'
web-console (3.6.2) lib/web_console/middleware.rb:20:in `catch'
web-console (3.6.2) lib/web_console/middleware.rb:20:in `call'
actionpack (5.2.0) lib/action_dispatch/middleware/show_exceptions.rb:33:in `call'
railties (5.2.0) lib/rails/rack/logger.rb:38:in `call_app'
railties (5.2.0) lib/rails/rack/logger.rb:26:in `block in call'
activesupport (5.2.0) lib/active_support/tagged_logging.rb:71:in `block in tagged'
activesupport (5.2.0) lib/active_support/tagged_logging.rb:28:in `tagged'
activesupport (5.2.0) lib/active_support/tagged_logging.rb:71:in `tagged'
railties (5.2.0) lib/rails/rack/logger.rb:26:in `call'
sprockets-rails (3.2.1) lib/sprockets/rails/quiet_assets.rb:13:in `call'
actionpack (5.2.0) lib/action_dispatch/middleware/remote_ip.rb:81:in `call'
actionpack (5.2.0) lib/action_dispatch/middleware/request_id.rb:27:in `call'
rack (2.0.5) lib/rack/method_override.rb:22:in `call'
rack (2.0.5) lib/rack/runtime.rb:22:in `call'
activesupport (5.2.0) lib/active_support/cache/strategy/local_cache_middleware.rb:29:in `call'
actionpack (5.2.0) lib/action_dispatch/middleware/executor.rb:14:in `call'
actionpack (5.2.0) lib/action_dispatch/middleware/static.rb:127:in `call'
rack (2.0.5) lib/rack/sendfile.rb:111:in `call'
railties (5.2.0) lib/rails/engine.rb:524:in `call'
puma (3.12.0) lib/puma/configuration.rb:225:in `call'
puma (3.12.0) lib/puma/server.rb:658:in `handle_request'
puma (3.12.0) lib/puma/server.rb:472:in `process_client'
puma (3.12.0) lib/puma/server.rb:332:in `block in run'
puma (3.12.0) lib/puma/thread_pool.rb:133:in `block in spawn_thread'
Started GET "/users/new" for 127.0.0.1 at 2018-08-07 13:22:44 +0700
  
SyntaxError (/home/tmquang1999/pr1802-book-sharing/app/controllers/users_controller.rb:26: syntax error, unexpected keyword_end, expecting end-of-input):
  
app/controllers/users_controller.rb:26: syntax error, unexpected keyword_end, expecting end-of-input
Started GET "/users/new" for 127.0.0.1 at 2018-08-07 13:23:06 +0700
Started GET "/users/new" for 127.0.0.1 at 2018-08-07 13:23:16 +0700
Processing by UsersController#new as HTML
Completed 500 Internal Server Error in 3ms (ActiveRecord: 0.0ms)


  
LoadError (cannot load such file -- bcrypt):
  
app/models/user.rb:2:in `<class:User>'
app/models/user.rb:1:in `<main>'
app/controllers/users_controller.rb:8:in `new'
Processing by UsersController#new as HTML
Completed 500 Internal Server Error in 2ms (ActiveRecord: 0.0ms)


  
LoadError (cannot load such file -- bcrypt):
  
app/models/user.rb:2:in `<class:User>'
app/models/user.rb:1:in `<main>'
app/controllers/users_controller.rb:8:in `new'
Started GET "/users/new" for 127.0.0.1 at 2018-08-07 13:23:23 +0700
Processing by UsersController#new as HTML
Completed 500 Internal Server Error in 2ms (ActiveRecord: 0.0ms)


  
LoadError (cannot load such file -- bcrypt):
  
app/models/user.rb:2:in `<class:User>'
app/models/user.rb:1:in `<main>'
app/controllers/users_controller.rb:8:in `new'
Started GET "/users/new" for 127.0.0.1 at 2018-08-07 13:23:30 +0700
  
SyntaxError (/home/tmquang1999/pr1802-book-sharing/app/controllers/users_controller.rb:25: syntax error, unexpected end-of-input, expecting keyword_end):
  
app/controllers/users_controller.rb:25: syntax error, unexpected end-of-input, expecting keyword_end
Started GET "/users/new" for 127.0.0.1 at 2018-08-07 13:24:14 +0700
Processing by UsersController#new as HTML
Completed 500 Internal Server Error in 2ms (ActiveRecord: 0.0ms)


  
LoadError (cannot load such file -- bcrypt):
  
app/models/user.rb:2:in `<class:User>'
app/models/user.rb:1:in `<main>'
app/controllers/users_controller.rb:8:in `new'
Started GET "/users/new" for 127.0.0.1 at 2018-08-07 13:41:06 +0700
  [1m[35m (0.1ms)[0m  [1m[34mSELECT "schema_migrations"."version" FROM "schema_migrations" ORDER BY "schema_migrations"."version" ASC[0m
  ↳ /home/tmquang1999/.rvm/gems/ruby-2.5.1/gems/activerecord-5.2.0/lib/active_record/log_subscriber.rb:98
  
ActiveRecord::PendingMigrationError (

Migrations are pending. To resolve this issue, run:

        bin/rails db:migrate RAILS_ENV=development

):
  
activerecord (5.2.0) lib/active_record/migration.rb:579:in `check_pending!'
activerecord (5.2.0) lib/active_record/migration.rb:556:in `call'
actionpack (5.2.0) lib/action_dispatch/middleware/callbacks.rb:28:in `block in call'
activesupport (5.2.0) lib/active_support/callbacks.rb:98:in `run_callbacks'
actionpack (5.2.0) lib/action_dispatch/middleware/callbacks.rb:26:in `call'
actionpack (5.2.0) lib/action_dispatch/middleware/executor.rb:14:in `call'
actionpack (5.2.0) lib/action_dispatch/middleware/debug_exceptions.rb:61:in `call'
web-console (3.6.2) lib/web_console/middleware.rb:135:in `call_app'
web-console (3.6.2) lib/web_console/middleware.rb:30:in `block in call'
web-console (3.6.2) lib/web_console/middleware.rb:20:in `catch'
web-console (3.6.2) lib/web_console/middleware.rb:20:in `call'
actionpack (5.2.0) lib/action_dispatch/middleware/show_exceptions.rb:33:in `call'
railties (5.2.0) lib/rails/rack/logger.rb:38:in `call_app'
railties (5.2.0) lib/rails/rack/logger.rb:26:in `block in call'
activesupport (5.2.0) lib/active_support/tagged_logging.rb:71:in `block in tagged'
activesupport (5.2.0) lib/active_support/tagged_logging.rb:28:in `tagged'
activesupport (5.2.0) lib/active_support/tagged_logging.rb:71:in `tagged'
railties (5.2.0) lib/rails/rack/logger.rb:26:in `call'
sprockets-rails (3.2.1) lib/sprockets/rails/quiet_assets.rb:13:in `call'
actionpack (5.2.0) lib/action_dispatch/middleware/remote_ip.rb:81:in `call'
actionpack (5.2.0) lib/action_dispatch/middleware/request_id.rb:27:in `call'
rack (2.0.5) lib/rack/method_override.rb:22:in `call'
rack (2.0.5) lib/rack/runtime.rb:22:in `call'
activesupport (5.2.0) lib/active_support/cache/strategy/local_cache_middleware.rb:29:in `call'
actionpack (5.2.0) lib/action_dispatch/middleware/executor.rb:14:in `call'
actionpack (5.2.0) lib/action_dispatch/middleware/static.rb:127:in `call'
rack (2.0.5) lib/rack/sendfile.rb:111:in `call'
railties (5.2.0) lib/rails/engine.rb:524:in `call'
puma (3.12.0) lib/puma/configuration.rb:225:in `call'
puma (3.12.0) lib/puma/server.rb:658:in `handle_request'
puma (3.12.0) lib/puma/server.rb:472:in `process_client'
puma (3.12.0) lib/puma/server.rb:332:in `block in run'
puma (3.12.0) lib/puma/thread_pool.rb:133:in `block in spawn_thread'
  [1m[35m (0.1ms)[0m  [1m[34mSELECT "schema_migrations"."version" FROM "schema_migrations" ORDER BY "schema_migrations"."version" ASC[0m
  ↳ bin/rails:9
Migrating to AddIndexToUsersEmail (20180807063236)
  [1m[35m (0.1ms)[0m  [1m[36mbegin transaction[0m
  ↳ bin/rails:9
  [1m[36mActiveRecord::SchemaMigration Create (0.3ms)[0m  [1m[32mINSERT INTO "schema_migrations" ("version") VALUES (?)[0m  [["version", "20180807063236"]]
  ↳ bin/rails:9
  [1m[35m (113.9ms)[0m  [1m[36mcommit transaction[0m
  ↳ bin/rails:9
  [1m[36mActiveRecord::InternalMetadata Load (0.2ms)[0m  [1m[34mSELECT  "ar_internal_metadata".* FROM "ar_internal_metadata" WHERE "ar_internal_metadata"."key" = ? LIMIT ?[0m  [["key", "environment"], ["LIMIT", 1]]
  ↳ bin/rails:9
  [1m[35m (0.1ms)[0m  [1m[36mbegin transaction[0m
  ↳ bin/rails:9
  [1m[35m (0.1ms)[0m  [1m[36mcommit transaction[0m
  ↳ bin/rails:9
  [1m[35m (0.2ms)[0m  [1m[34mSELECT "schema_migrations"."version" FROM "schema_migrations" ORDER BY "schema_migrations"."version" ASC[0m
  ↳ bin/rails:9
Started GET "/users/new" for 127.0.0.1 at 2018-08-07 13:41:31 +0700
  [1m[35m (0.2ms)[0m  [1m[34mSELECT "schema_migrations"."version" FROM "schema_migrations" ORDER BY "schema_migrations"."version" ASC[0m
  ↳ /home/tmquang1999/.rvm/gems/ruby-2.5.1/gems/activerecord-5.2.0/lib/active_record/log_subscriber.rb:98
Processing by UsersController#new as HTML
Completed 500 Internal Server Error in 7ms (ActiveRecord: 0.0ms)


  
SyntaxError (/home/tmquang1999/pr1802-book-sharing/app/models/user.rb:7: syntax error, unexpected ':', expecting keyword_end
                    uniqueness: { case_sensitive: false }
                              ^):
  
app/models/user.rb:7: syntax error, unexpected ':', expecting keyword_end
app/controllers/users_controller.rb:8:in `new'
Started GET "/users/new" for 127.0.0.1 at 2018-08-07 13:42:40 +0700
Processing by UsersController#new as HTML
  Rendering users/new.html.erb within layouts/application
  Rendered users/new.html.erb within layouts/application (1.1ms)
Completed 500 Internal Server Error in 27ms (ActiveRecord: 1.0ms)


  
SyntaxError (/home/tmquang1999/pr1802-book-sharing/app/views/users/new.html.erb:29: syntax error, unexpected end-of-input, expecting keyword_end
          end
             ^):
  
app/views/users/new.html.erb:29: syntax error, unexpected end-of-input, expecting keyword_end
Started GET "/users/new" for 127.0.0.1 at 2018-08-07 13:42:53 +0700
Processing by UsersController#new as HTML
  Rendering users/new.html.erb within layouts/application
  Rendered users/new.html.erb within layouts/application (1.4ms)
Completed 500 Internal Server Error in 5ms (ActiveRecord: 0.0ms)


  
SyntaxError (/home/tmquang1999/pr1802-book-sharing/app/views/users/new.html.erb:29: syntax error, unexpected end-of-input, expecting keyword_end
          end
             ^):
  
app/views/users/new.html.erb:29: syntax error, unexpected end-of-input, expecting keyword_end
Started GET "/users/new" for 127.0.0.1 at 2018-08-07 13:44:50 +0700
Processing by UsersController#new as HTML
  Rendering users/new.html.erb within layouts/application
  Rendered users/new.html.erb within layouts/application (77.6ms)
Completed 500 Internal Server Error in 293ms (ActiveRecord: 0.8ms)


  
ActionView::Template::Error (Undefined mixin 'box_sizing'.):
     5:     <%= csrf_meta_tags %>
     6:     <%= csp_meta_tag %>
     7: 
     8:     <%= stylesheet_link_tag    'application', media: 'all', 'data-turbolinks-track': 'reload' %>
     9:     <%= javascript_include_tag 'application', 'data-turbolinks-track': 'reload' %>
    10:   </head>
    11: 
  
app/assets/stylesheets/custom.scss:7:in `box_sizing'
app/assets/stylesheets/custom.scss:7
app/views/layouts/application.html.erb:8:in `_app_views_layouts_application_html_erb__3900278820244636429_70197214016440'
Started GET "/users/new" for 127.0.0.1 at 2018-08-07 13:45:36 +0700
Processing by UsersController#new as HTML
  Rendering users/new.html.erb within layouts/application
  Rendered shared/_error_messages.html.erb (0.4ms)
  Rendered users/new.html.erb within layouts/application (3.9ms)
Completed 500 Internal Server Error in 15ms (ActiveRecord: 0.0ms)


  
ActionView::Template::Error (Undefined mixin 'box_sizing'.):
     5:     <%= csrf_meta_tags %>
     6:     <%= csp_meta_tag %>
     7: 
     8:     <%= stylesheet_link_tag    'application', media: 'all', 'data-turbolinks-track': 'reload' %>
     9:     <%= javascript_include_tag 'application', 'data-turbolinks-track': 'reload' %>
    10:   </head>
    11: 
  
app/assets/stylesheets/custom.scss:7:in `box_sizing'
app/assets/stylesheets/custom.scss:7
app/views/layouts/application.html.erb:8:in `_app_views_layouts_application_html_erb__3900278820244636429_70197100731680'
Started GET "/users/new" for 127.0.0.1 at 2018-08-07 13:50:30 +0700
Processing by UsersController#new as HTML
  Rendering users/new.html.erb within layouts/application
  Rendered shared/_error_messages.html.erb (0.7ms)
  Rendered users/new.html.erb within layouts/application (5.4ms)
Completed 200 OK in 1982ms (Views: 1980.9ms | ActiveRecord: 0.0ms)


Started POST "/signup" for 127.0.0.1 at 2018-08-07 13:51:00 +0700
Processing by UsersController#create as HTML
  Parameters: {"utf8"=>"✓", "authenticity_token"=>"VVkfxKCb7JrvEVqr2f5QHpaF4jD4QHsjGlcgEYcAgpKk/6WKdF0VmovtiULLZZAznf8Sp/Hi0/2fHfn74uqmHA==", "user"=>{"name"=>"quang", "email"=>"quang99991111@gmail.com", "password"=>"[FILTERED]", "password_confirmation"=>"[FILTERED]"}, "commit"=>"Create my account"}
  [1m[35m (0.1ms)[0m  [1m[36mbegin transaction[0m
  ↳ app/controllers/users_controller.rb:12
  [1m[36mUser Exists (0.3ms)[0m  [1m[34mSELECT  1 AS one FROM "users" WHERE LOWER("users"."email") = LOWER(?) LIMIT ?[0m  [["email", "quang99991111@gmail.com"], ["LIMIT", 1]]
  ↳ app/controllers/users_controller.rb:12
  [1m[36mUser Create (0.8ms)[0m  [1m[32mINSERT INTO "users" ("name", "email", "password_digest", "created_at", "updated_at") VALUES (?, ?, ?, ?, ?)[0m  [["name", "quang"], ["email", "quang99991111@gmail.com"], ["password_digest", "$2a$10$jNSta8/AdFuSeRgOdzeyiOka4zzf6t2BX1Y/iAJaZbGmPC6AJnR0C"], ["created_at", "2018-08-07 06:51:00.451107"], ["updated_at", "2018-08-07 06:51:00.451107"]]
  ↳ app/controllers/users_controller.rb:12
  [1m[35m (86.3ms)[0m  [1m[36mcommit transaction[0m
  ↳ app/controllers/users_controller.rb:12
Redirected to http://localhost:3000/users/1
Completed 302 Found in 168ms (ActiveRecord: 87.4ms)


Started GET "/users/1" for 127.0.0.1 at 2018-08-07 13:51:00 +0700
Processing by UsersController#show as HTML
  Parameters: {"id"=>"1"}
  [1m[36mUser Load (0.2ms)[0m  [1m[34mSELECT  "users".* FROM "users" WHERE "users"."id" = ? LIMIT ?[0m  [["id", 1], ["LIMIT", 1]]
  ↳ app/controllers/users_controller.rb:4
Completed 406 Not Acceptable in 19ms (ActiveRecord: 0.2ms)


  
ActionController::UnknownFormat (UsersController#show is missing a template for this request format and variant.

request.formats: ["text/html"]
request.variant: []

NOTE! For XHR/Ajax or API requests, this action would normally respond with 204 No Content: an empty white screen. Since you're loading it in a web browser, we assume that you expected to actually render a template, not nothing, so we're showing an error to be extra-clear. If you expect 204 No Content, carry on. That's what you'll get from an XHR or API request. Give it a shot.):
  
actionpack (5.2.0) lib/action_controller/metal/implicit_render.rb:55:in `default_render'
actionpack (5.2.0) lib/action_controller/metal/basic_implicit_render.rb:6:in `block in send_action'
actionpack (5.2.0) lib/action_controller/metal/basic_implicit_render.rb:6:in `tap'
actionpack (5.2.0) lib/action_controller/metal/basic_implicit_render.rb:6:in `send_action'
actionpack (5.2.0) lib/abstract_controller/base.rb:194:in `process_action'
actionpack (5.2.0) lib/action_controller/metal/rendering.rb:30:in `process_action'
actionpack (5.2.0) lib/abstract_controller/callbacks.rb:42:in `block in process_action'
activesupport (5.2.0) lib/active_support/callbacks.rb:132:in `run_callbacks'
actionpack (5.2.0) lib/abstract_controller/callbacks.rb:41:in `process_action'
actionpack (5.2.0) lib/action_controller/metal/rescue.rb:22:in `process_action'
actionpack (5.2.0) lib/action_controller/metal/instrumentation.rb:34:in `block in process_action'
activesupport (5.2.0) lib/active_support/notifications.rb:168:in `block in instrument'
activesupport (5.2.0) lib/active_support/notifications/instrumenter.rb:23:in `instrument'
activesupport (5.2.0) lib/active_support/notifications.rb:168:in `instrument'
actionpack (5.2.0) lib/action_controller/metal/instrumentation.rb:32:in `process_action'
actionpack (5.2.0) lib/action_controller/metal/params_wrapper.rb:256:in `process_action'
activerecord (5.2.0) lib/active_record/railties/controller_runtime.rb:24:in `process_action'
actionpack (5.2.0) lib/abstract_controller/base.rb:134:in `process'
actionview (5.2.0) lib/action_view/rendering.rb:32:in `process'
actionpack (5.2.0) lib/action_controller/metal.rb:191:in `dispatch'
actionpack (5.2.0) lib/action_controller/metal.rb:252:in `dispatch'
actionpack (5.2.0) lib/action_dispatch/routing/route_set.rb:52:in `dispatch'
actionpack (5.2.0) lib/action_dispatch/routing/route_set.rb:34:in `serve'
actionpack (5.2.0) lib/action_dispatch/journey/router.rb:52:in `block in serve'
actionpack (5.2.0) lib/action_dispatch/journey/router.rb:35:in `each'
actionpack (5.2.0) lib/action_dispatch/journey/router.rb:35:in `serve'
actionpack (5.2.0) lib/action_dispatch/routing/route_set.rb:840:in `call'
rack (2.0.5) lib/rack/tempfile_reaper.rb:15:in `call'
rack (2.0.5) lib/rack/etag.rb:25:in `call'
rack (2.0.5) lib/rack/conditional_get.rb:25:in `call'
rack (2.0.5) lib/rack/head.rb:12:in `call'
actionpack (5.2.0) lib/action_dispatch/http/content_security_policy.rb:18:in `call'
rack (2.0.5) lib/rack/session/abstract/id.rb:232:in `context'
rack (2.0.5) lib/rack/session/abstract/id.rb:226:in `call'
actionpack (5.2.0) lib/action_dispatch/middleware/cookies.rb:670:in `call'
activerecord (5.2.0) lib/active_record/migration.rb:559:in `call'
actionpack (5.2.0) lib/action_dispatch/middleware/callbacks.rb:28:in `block in call'
activesupport (5.2.0) lib/active_support/callbacks.rb:98:in `run_callbacks'
actionpack (5.2.0) lib/action_dispatch/middleware/callbacks.rb:26:in `call'
actionpack (5.2.0) lib/action_dispatch/middleware/executor.rb:14:in `call'
actionpack (5.2.0) lib/action_dispatch/middleware/debug_exceptions.rb:61:in `call'
web-console (3.6.2) lib/web_console/middleware.rb:135:in `call_app'
web-console (3.6.2) lib/web_console/middleware.rb:30:in `block in call'
web-console (3.6.2) lib/web_console/middleware.rb:20:in `catch'
web-console (3.6.2) lib/web_console/middleware.rb:20:in `call'
actionpack (5.2.0) lib/action_dispatch/middleware/show_exceptions.rb:33:in `call'
railties (5.2.0) lib/rails/rack/logger.rb:38:in `call_app'
railties (5.2.0) lib/rails/rack/logger.rb:26:in `block in call'
activesupport (5.2.0) lib/active_support/tagged_logging.rb:71:in `block in tagged'
activesupport (5.2.0) lib/active_support/tagged_logging.rb:28:in `tagged'
activesupport (5.2.0) lib/active_support/tagged_logging.rb:71:in `tagged'
railties (5.2.0) lib/rails/rack/logger.rb:26:in `call'
sprockets-rails (3.2.1) lib/sprockets/rails/quiet_assets.rb:13:in `call'
actionpack (5.2.0) lib/action_dispatch/middleware/remote_ip.rb:81:in `call'
actionpack (5.2.0) lib/action_dispatch/middleware/request_id.rb:27:in `call'
rack (2.0.5) lib/rack/method_override.rb:22:in `call'
rack (2.0.5) lib/rack/runtime.rb:22:in `call'
activesupport (5.2.0) lib/active_support/cache/strategy/local_cache_middleware.rb:29:in `call'
actionpack (5.2.0) lib/action_dispatch/middleware/executor.rb:14:in `call'
actionpack (5.2.0) lib/action_dispatch/middleware/static.rb:127:in `call'
rack (2.0.5) lib/rack/sendfile.rb:111:in `call'
railties (5.2.0) lib/rails/engine.rb:524:in `call'
puma (3.12.0) lib/puma/configuration.rb:225:in `call'
puma (3.12.0) lib/puma/server.rb:658:in `handle_request'
puma (3.12.0) lib/puma/server.rb:472:in `process_client'
puma (3.12.0) lib/puma/server.rb:332:in `block in run'
puma (3.12.0) lib/puma/thread_pool.rb:133:in `block in spawn_thread'
Started GET "/" for 127.0.0.1 at 2018-08-07 13:59:17 +0700
  [1m[35m (0.1ms)[0m  [1m[34mSELECT "schema_migrations"."version" FROM "schema_migrations" ORDER BY "schema_migrations"."version" ASC[0m
  ↳ /home/tmquang1999/.rvm/gems/ruby-2.5.1/gems/activerecord-5.2.0/lib/active_record/log_subscriber.rb:98
Processing by StaticPagesController#home as HTML
  Rendering static_pages/home.html.erb within layouts/application
  Rendered static_pages/home.html.erb within layouts/application (0.5ms)
Completed 200 OK in 305ms (Views: 297.5ms | ActiveRecord: 0.0ms)


Started GET "/users/new" for 127.0.0.1 at 2018-08-07 13:59:25 +0700
Processing by UsersController#new as HTML
  Rendering users/new.html.erb within layouts/application
  Rendered shared/_error_messages.html.erb (0.4ms)
  Rendered users/new.html.erb within layouts/application (8.5ms)
Completed 200 OK in 65ms (Views: 41.0ms | ActiveRecord: 1.5ms)


Started POST "/signup" for 127.0.0.1 at 2018-08-07 13:59:35 +0700
Processing by UsersController#create as HTML
  Parameters: {"utf8"=>"✓", "authenticity_token"=>"Z7m3MCjLYXNnNNHidO/frGpr6SeNfEEFojt/DQzBgleWHw1+/A2YcwPIAgtmdB+BYREZsITe6dsncabnaSum2Q==", "user"=>{"name"=>"quang", "email"=>"quang99991111@gmail.com", "password"=>"[FILTERED]", "password_confirmation"=>"[FILTERED]"}, "commit"=>"Create my account"}
  [1m[35m (0.1ms)[0m  [1m[36mbegin transaction[0m
  ↳ app/controllers/users_controller.rb:12
  [1m[36mUser Exists (0.2ms)[0m  [1m[34mSELECT  1 AS one FROM "users" WHERE LOWER("users"."email") = LOWER(?) LIMIT ?[0m  [["email", "quang99991111@gmail.com"], ["LIMIT", 1]]
  ↳ app/controllers/users_controller.rb:12
  [1m[35m (0.1ms)[0m  [1m[31mrollback transaction[0m
  ↳ app/controllers/users_controller.rb:12
  Rendering users/new.html.erb within layouts/application
  Rendered shared/_error_messages.html.erb (0.6ms)
  Rendered users/new.html.erb within layouts/application (5.8ms)
Completed 200 OK in 125ms (Views: 45.8ms | ActiveRecord: 0.4ms)


Started POST "/signup" for 127.0.0.1 at 2018-08-07 13:59:59 +0700
Processing by UsersController#create as HTML
  Parameters: {"utf8"=>"✓", "authenticity_token"=>"pnjNHgSLDyGEz3IuL923Fwmdo+RxYMQjFesjp3Z8MaJX3ndQ0E32IeAzocc9Rnc6AudTc3jCbP2QofpNE5YVLA==", "user"=>{"name"=>"quang", "email"=>"quang9991111@gmail.com", "password"=>"[FILTERED]", "password_confirmation"=>"[FILTERED]"}, "commit"=>"Create my account"}
  [1m[35m (0.1ms)[0m  [1m[36mbegin transaction[0m
  ↳ app/controllers/users_controller.rb:12
  [1m[36mUser Exists (0.2ms)[0m  [1m[34mSELECT  1 AS one FROM "users" WHERE LOWER("users"."email") = LOWER(?) LIMIT ?[0m  [["email", "quang9991111@gmail.com"], ["LIMIT", 1]]
  ↳ app/controllers/users_controller.rb:12
  [1m[36mUser Create (0.4ms)[0m  [1m[32mINSERT INTO "users" ("name", "email", "password_digest", "created_at", "updated_at") VALUES (?, ?, ?, ?, ?)[0m  [["name", "quang"], ["email", "quang9991111@gmail.com"], ["password_digest", "$2a$10$AHK30RbF0vYtPpEcXXyVfeylUtVARuOocVv8tzBF5bsHhQp8AgM9u"], ["created_at", "2018-08-07 06:59:59.891980"], ["updated_at", "2018-08-07 06:59:59.891980"]]
  ↳ app/controllers/users_controller.rb:12
  [1m[35m (74.6ms)[0m  [1m[36mcommit transaction[0m
  ↳ app/controllers/users_controller.rb:12
Redirected to http://localhost:3000/users/2
Completed 302 Found in 158ms (ActiveRecord: 75.3ms)


Started GET "/users/2" for 127.0.0.1 at 2018-08-07 13:59:59 +0700
Processing by UsersController#show as HTML
  Parameters: {"id"=>"2"}
  [1m[36mUser Load (0.2ms)[0m  [1m[34mSELECT  "users".* FROM "users" WHERE "users"."id" = ? LIMIT ?[0m  [["id", 2], ["LIMIT", 1]]
  ↳ app/controllers/users_controller.rb:4
Completed 406 Not Acceptable in 43ms (ActiveRecord: 0.2ms)


  
ActionController::UnknownFormat (UsersController#show is missing a template for this request format and variant.

request.formats: ["text/html"]
request.variant: []

NOTE! For XHR/Ajax or API requests, this action would normally respond with 204 No Content: an empty white screen. Since you're loading it in a web browser, we assume that you expected to actually render a template, not nothing, so we're showing an error to be extra-clear. If you expect 204 No Content, carry on. That's what you'll get from an XHR or API request. Give it a shot.):
  
actionpack (5.2.0) lib/action_controller/metal/implicit_render.rb:55:in `default_render'
actionpack (5.2.0) lib/action_controller/metal/basic_implicit_render.rb:6:in `block in send_action'
actionpack (5.2.0) lib/action_controller/metal/basic_implicit_render.rb:6:in `tap'
actionpack (5.2.0) lib/action_controller/metal/basic_implicit_render.rb:6:in `send_action'
actionpack (5.2.0) lib/abstract_controller/base.rb:194:in `process_action'
actionpack (5.2.0) lib/action_controller/metal/rendering.rb:30:in `process_action'
actionpack (5.2.0) lib/abstract_controller/callbacks.rb:42:in `block in process_action'
activesupport (5.2.0) lib/active_support/callbacks.rb:132:in `run_callbacks'
actionpack (5.2.0) lib/abstract_controller/callbacks.rb:41:in `process_action'
actionpack (5.2.0) lib/action_controller/metal/rescue.rb:22:in `process_action'
actionpack (5.2.0) lib/action_controller/metal/instrumentation.rb:34:in `block in process_action'
activesupport (5.2.0) lib/active_support/notifications.rb:168:in `block in instrument'
activesupport (5.2.0) lib/active_support/notifications/instrumenter.rb:23:in `instrument'
activesupport (5.2.0) lib/active_support/notifications.rb:168:in `instrument'
actionpack (5.2.0) lib/action_controller/metal/instrumentation.rb:32:in `process_action'
actionpack (5.2.0) lib/action_controller/metal/params_wrapper.rb:256:in `process_action'
activerecord (5.2.0) lib/active_record/railties/controller_runtime.rb:24:in `process_action'
actionpack (5.2.0) lib/abstract_controller/base.rb:134:in `process'
actionview (5.2.0) lib/action_view/rendering.rb:32:in `process'
actionpack (5.2.0) lib/action_controller/metal.rb:191:in `dispatch'
actionpack (5.2.0) lib/action_controller/metal.rb:252:in `dispatch'
actionpack (5.2.0) lib/action_dispatch/routing/route_set.rb:52:in `dispatch'
actionpack (5.2.0) lib/action_dispatch/routing/route_set.rb:34:in `serve'
actionpack (5.2.0) lib/action_dispatch/journey/router.rb:52:in `block in serve'
actionpack (5.2.0) lib/action_dispatch/journey/router.rb:35:in `each'
actionpack (5.2.0) lib/action_dispatch/journey/router.rb:35:in `serve'
actionpack (5.2.0) lib/action_dispatch/routing/route_set.rb:840:in `call'
rack (2.0.5) lib/rack/tempfile_reaper.rb:15:in `call'
rack (2.0.5) lib/rack/etag.rb:25:in `call'
rack (2.0.5) lib/rack/conditional_get.rb:25:in `call'
rack (2.0.5) lib/rack/head.rb:12:in `call'
actionpack (5.2.0) lib/action_dispatch/http/content_security_policy.rb:18:in `call'
rack (2.0.5) lib/rack/session/abstract/id.rb:232:in `context'
rack (2.0.5) lib/rack/session/abstract/id.rb:226:in `call'
actionpack (5.2.0) lib/action_dispatch/middleware/cookies.rb:670:in `call'
activerecord (5.2.0) lib/active_record/migration.rb:559:in `call'
actionpack (5.2.0) lib/action_dispatch/middleware/callbacks.rb:28:in `block in call'
activesupport (5.2.0) lib/active_support/callbacks.rb:98:in `run_callbacks'
actionpack (5.2.0) lib/action_dispatch/middleware/callbacks.rb:26:in `call'
actionpack (5.2.0) lib/action_dispatch/middleware/executor.rb:14:in `call'
actionpack (5.2.0) lib/action_dispatch/middleware/debug_exceptions.rb:61:in `call'
web-console (3.6.2) lib/web_console/middleware.rb:135:in `call_app'
web-console (3.6.2) lib/web_console/middleware.rb:30:in `block in call'
web-console (3.6.2) lib/web_console/middleware.rb:20:in `catch'
web-console (3.6.2) lib/web_console/middleware.rb:20:in `call'
actionpack (5.2.0) lib/action_dispatch/middleware/show_exceptions.rb:33:in `call'
railties (5.2.0) lib/rails/rack/logger.rb:38:in `call_app'
railties (5.2.0) lib/rails/rack/logger.rb:26:in `block in call'
activesupport (5.2.0) lib/active_support/tagged_logging.rb:71:in `block in tagged'
activesupport (5.2.0) lib/active_support/tagged_logging.rb:28:in `tagged'
activesupport (5.2.0) lib/active_support/tagged_logging.rb:71:in `tagged'
railties (5.2.0) lib/rails/rack/logger.rb:26:in `call'
sprockets-rails (3.2.1) lib/sprockets/rails/quiet_assets.rb:13:in `call'
actionpack (5.2.0) lib/action_dispatch/middleware/remote_ip.rb:81:in `call'
actionpack (5.2.0) lib/action_dispatch/middleware/request_id.rb:27:in `call'
rack (2.0.5) lib/rack/method_override.rb:22:in `call'
rack (2.0.5) lib/rack/runtime.rb:22:in `call'
activesupport (5.2.0) lib/active_support/cache/strategy/local_cache_middleware.rb:29:in `call'
actionpack (5.2.0) lib/action_dispatch/middleware/executor.rb:14:in `call'
actionpack (5.2.0) lib/action_dispatch/middleware/static.rb:127:in `call'
rack (2.0.5) lib/rack/sendfile.rb:111:in `call'
railties (5.2.0) lib/rails/engine.rb:524:in `call'
puma (3.12.0) lib/puma/configuration.rb:225:in `call'
puma (3.12.0) lib/puma/server.rb:658:in `handle_request'
puma (3.12.0) lib/puma/server.rb:472:in `process_client'
puma (3.12.0) lib/puma/server.rb:332:in `block in run'
puma (3.12.0) lib/puma/thread_pool.rb:133:in `block in spawn_thread'
Started GET "/users/2" for 127.0.0.1 at 2018-08-07 14:03:26 +0700
Processing by UsersController#show as HTML
  Parameters: {"id"=>"2"}
  [1m[36mUser Load (0.1ms)[0m  [1m[34mSELECT  "users".* FROM "users" WHERE "users"."id" = ? LIMIT ?[0m  [["id", 2], ["LIMIT", 1]]
  ↳ app/controllers/users_controller.rb:4
  Rendering users/show.html.erb within layouts/application
  Rendered users/show.html.erb within layouts/application (0.6ms)
Completed 200 OK in 27ms (Views: 24.9ms | ActiveRecord: 0.1ms)


Started GET "/users/1" for 127.0.0.1 at 2018-08-07 14:03:35 +0700
Processing by UsersController#show as HTML
  Parameters: {"id"=>"1"}
  [1m[36mUser Load (0.2ms)[0m  [1m[34mSELECT  "users".* FROM "users" WHERE "users"."id" = ? LIMIT ?[0m  [["id", 1], ["LIMIT", 1]]
  ↳ app/controllers/users_controller.rb:4
  Rendering users/show.html.erb within layouts/application
  Rendered users/show.html.erb within layouts/application (0.5ms)
Completed 200 OK in 26ms (Views: 23.7ms | ActiveRecord: 0.2ms)


